üöÄ Starting Code Analyzer System...
‚ö†Ô∏è  Virtual environment not found. Creating one...
‚úì Virtual environment created
‚úì Virtual environment activated
üì¶ Installing dependencies...
‚úì Dependencies installed
üîß Setting up Redis...
‚úì Redis is already running on port 6379
üóÑÔ∏è  Setting up database...
‚úì Database migrations applied
‚öôÔ∏è  Populating analysis backends...
‚úì Analysis backends populated
üé® Collecting static files...
‚úì Static files collected
üåü Starting services...
  Starting Celery worker...
‚úì Celery worker started
  Starting Django server...

üéâ Code Analyzer is ready!

üìç Access the application at: http://localhost:8000
üîß Admin interface at: http://localhost:8000/admin/
üìä API documentation at: http://localhost:8000/api/v1/

Press Ctrl+C to stop the server

INFO Watching for file changes with StatReloader
Exception in thread django-main-thread:
Traceback (most recent call last):
  File "/usr/lib/python3.13/threading.py", line 1041, in _bootstrap_inner
    self.run()
    ~~~~~~~~^^
  File "/usr/lib/python3.13/threading.py", line 992, in run
    self._target(*self._args, **self._kwargs)
    ~~~~~~~~~~~~^^^^^^^^^^^^^^^^^^^^^^^^^^^^^
  File "/home/marlonsc/pyauto/dc-code-analyzer/.venv/lib/python3.13/site-packages/django/utils/autoreload.py", line 64, in wrapper
    fn(*args, **kwargs)
    ~~^^^^^^^^^^^^^^^^^
  File "/home/marlonsc/pyauto/dc-code-analyzer/.venv/lib/python3.13/site-packages/django/core/management/commands/runserver.py", line 125, in inner_run
    autoreload.raise_last_exception()
    ~~~~~~~~~~~~~~~~~~~~~~~~~~~~~~~^^
  File "/home/marlonsc/pyauto/dc-code-analyzer/.venv/lib/python3.13/site-packages/django/utils/autoreload.py", line 86, in raise_last_exception
    raise _exception[1]
  File "/home/marlonsc/pyauto/dc-code-analyzer/.venv/lib/python3.13/site-packages/django/core/management/__init__.py", line 394, in execute
    autoreload.check_errors(django.setup)()
    ~~~~~~~~~~~~~~~~~~~~~~~~~~~~~~~~~~~~~^^
  File "/home/marlonsc/pyauto/dc-code-analyzer/.venv/lib/python3.13/site-packages/django/utils/autoreload.py", line 64, in wrapper
    fn(*args, **kwargs)
    ~~^^^^^^^^^^^^^^^^^
  File "/home/marlonsc/pyauto/dc-code-analyzer/.venv/lib/python3.13/site-packages/django/__init__.py", line 24, in setup
    apps.populate(settings.INSTALLED_APPS)
    ~~~~~~~~~~~~~^^^^^^^^^^^^^^^^^^^^^^^^^
  File "/home/marlonsc/pyauto/dc-code-analyzer/.venv/lib/python3.13/site-packages/django/apps/registry.py", line 91, in populate
    app_config = AppConfig.create(entry)
  File "/home/marlonsc/pyauto/dc-code-analyzer/.venv/lib/python3.13/site-packages/django/apps/config.py", line 193, in create
    import_module(entry)
    ~~~~~~~~~~~~~^^^^^^^
  File "/usr/lib/python3.13/importlib/__init__.py", line 88, in import_module
    return _bootstrap._gcd_import(name[level:], package, level)
           ~~~~~~~~~~~~~~~~~~~~~~^^^^^^^^^^^^^^^^^^^^^^^^^^^^^^
  File "<frozen importlib._bootstrap>", line 1387, in _gcd_import
  File "<frozen importlib._bootstrap>", line 1360, in _find_and_load
  File "<frozen importlib._bootstrap>", line 1324, in _find_and_load_unlocked
ModuleNotFoundError: No module named 'django_extensions'
INFO /home/marlonsc/pyauto/dc-code-analyzer/.venv/lib/python3.13/site-packages/django/utils/translation/__init__.py changed, reloading.
Traceback (most recent call last):
  File "/home/marlonsc/pyauto/dc-code-analyzer/.venv/lib/python3.13/site-packages/django/core/management/__init__.py", line 388, in execute
    autoreload.check_errors(django.setup)()
    ~~~~~~~~~~~~~~~~~~~~~~~~~~~~~~~~~~~~~^^
  File "/home/marlonsc/pyauto/dc-code-analyzer/.venv/lib/python3.13/site-packages/django/utils/autoreload.py", line 64, in wrapper
    fn(*args, **kwargs)
    ~~^^^^^^^^^^^^^^^^^
  File "/home/marlonsc/pyauto/dc-code-analyzer/.venv/lib/python3.13/site-packages/django/__init__.py", line 16, in setup
    from django.urls import set_script_prefix
  File "/home/marlonsc/pyauto/dc-code-analyzer/.venv/lib/python3.13/site-packages/django/urls/__init__.py", line 1, in <module>
    from .base import (
    ...<11 lines>...
    )
  File "/home/marlonsc/pyauto/dc-code-analyzer/.venv/lib/python3.13/site-packages/django/urls/base.py", line 9, in <module>
    from .exceptions import NoReverseMatch, Resolver404
  File "/home/marlonsc/pyauto/dc-code-analyzer/.venv/lib/python3.13/site-packages/django/urls/exceptions.py", line 1, in <module>
    from django.http import Http404
  File "/home/marlonsc/pyauto/dc-code-analyzer/.venv/lib/python3.13/site-packages/django/http/__init__.py", line 9, in <module>
    from django.http.response import (
    ...<16 lines>...
    )
  File "/home/marlonsc/pyauto/dc-code-analyzer/.venv/lib/python3.13/site-packages/django/http/response.py", line 20, in <module>
    from django.core.serializers.json import DjangoJSONEncoder
  File "/home/marlonsc/pyauto/dc-code-analyzer/.venv/lib/python3.13/site-packages/django/core/serializers/__init__.py", line 23, in <module>
    from django.core.serializers.base import SerializerDoesNotExist
  File "/home/marlonsc/pyauto/dc-code-analyzer/.venv/lib/python3.13/site-packages/django/core/serializers/base.py", line 10, in <module>
    from django.db import models
  File "/home/marlonsc/pyauto/dc-code-analyzer/.venv/lib/python3.13/site-packages/django/db/models/__init__.py", line 3, in <module>
    from django.db.models.aggregates import *  # NOQA
    ^^^^^^^^^^^^^^^^^^^^^^^^^^^^^^^^^^^^^^^^^
  File "/home/marlonsc/pyauto/dc-code-analyzer/.venv/lib/python3.13/site-packages/django/db/models/aggregates.py", line 7, in <module>
    from django.db.models.functions.comparison import Coalesce
  File "/home/marlonsc/pyauto/dc-code-analyzer/.venv/lib/python3.13/site-packages/django/db/models/functions/__init__.py", line 1, in <module>
    from .comparison import Cast, Coalesce, Collate, Greatest, JSONObject, Least, NullIf
  File "/home/marlonsc/pyauto/dc-code-analyzer/.venv/lib/python3.13/site-packages/django/db/models/functions/comparison.py", line 5, in <module>
    from django.db.models.fields.json import JSONField
  File "/home/marlonsc/pyauto/dc-code-analyzer/.venv/lib/python3.13/site-packages/django/db/models/fields/json.py", line 7, in <module>
    from django.db.models import expressions, lookups
  File "/home/marlonsc/pyauto/dc-code-analyzer/.venv/lib/python3.13/site-packages/django/db/models/lookups.py", line 322, in <module>
    @Field.register_lookup
     ^^^^^^^^^^^^^^^^^^^^^
  File "/home/marlonsc/pyauto/dc-code-analyzer/.venv/lib/python3.13/site-packages/django/db/models/query_utils.py", line 208, in __get__
    return functools.partial(self.class_method, owner)
           ~~~~~~~~~~~~~~~~~^^^^^^^^^^^^^^^^^^^^^^^^^^
TypeError: the first argument must be callable

During handling of the above exception, another exception occurred:

Traceback (most recent call last):
  File "/home/marlonsc/pyauto/dc-code-analyzer/manage.py", line 24, in <module>
    main()
    ~~~~^^
  File "/home/marlonsc/pyauto/dc-code-analyzer/manage.py", line 20, in main
    execute_from_command_line(sys.argv)
    ~~~~~~~~~~~~~~~~~~~~~~~~~^^^^^^^^^^
  File "/home/marlonsc/pyauto/dc-code-analyzer/.venv/lib/python3.13/site-packages/django/core/management/__init__.py", line 436, in execute_from_command_line
    utility.execute()
    ~~~~~~~~~~~~~~~^^
  File "/home/marlonsc/pyauto/dc-code-analyzer/.venv/lib/python3.13/site-packages/django/core/management/__init__.py", line 401, in execute
    _parser = self.fetch_command("runserver").create_parser(
              ~~~~~~~~~~~~~~~~~~^^^^^^^^^^^^^
  File "/home/marlonsc/pyauto/dc-code-analyzer/.venv/lib/python3.13/site-packages/django/core/management/__init__.py", line 269, in fetch_command
    klass = load_command_class(app_name, subcommand)
  File "/home/marlonsc/pyauto/dc-code-analyzer/.venv/lib/python3.13/site-packages/django/core/management/__init__.py", line 48, in load_command_class
    module = import_module(f"{app_name}.management.commands.{name}")
  File "/usr/lib/python3.13/importlib/__init__.py", line 88, in import_module
    return _bootstrap._gcd_import(name[level:], package, level)
           ~~~~~~~~~~~~~~~~~~~~~~^^^^^^^^^^^^^^^^^^^^^^^^^^^^^^
  File "<frozen importlib._bootstrap>", line 1387, in _gcd_import
  File "<frozen importlib._bootstrap>", line 1360, in _find_and_load
  File "<frozen importlib._bootstrap>", line 1331, in _find_and_load_unlocked
  File "<frozen importlib._bootstrap>", line 935, in _load_unlocked
  File "<frozen importlib._bootstrap_external>", line 1026, in exec_module
  File "<frozen importlib._bootstrap>", line 488, in _call_with_frames_removed
  File "/home/marlonsc/pyauto/dc-code-analyzer/.venv/lib/python3.13/site-packages/django/core/management/commands/runserver.py", line 10, in <module>
    from django.core.servers.basehttp import WSGIServer, get_internal_wsgi_application, run
  File "/home/marlonsc/pyauto/dc-code-analyzer/.venv/lib/python3.13/site-packages/django/core/servers/basehttp.py", line 19, in <module>
    from django.core.handlers.wsgi import LimitedStream
  File "/home/marlonsc/pyauto/dc-code-analyzer/.venv/lib/python3.13/site-packages/django/core/handlers/wsgi.py", line 5, in <module>
    from django.core.handlers import base
  File "/home/marlonsc/pyauto/dc-code-analyzer/.venv/lib/python3.13/site-packages/django/core/handlers/base.py", line 11, in <module>
    from django.urls import get_resolver, set_urlconf
  File "/home/marlonsc/pyauto/dc-code-analyzer/.venv/lib/python3.13/site-packages/django/urls/__init__.py", line 1, in <module>
    from .base import (
    ...<11 lines>...
    )
  File "/home/marlonsc/pyauto/dc-code-analyzer/.venv/lib/python3.13/site-packages/django/urls/base.py", line 9, in <module>
    from .exceptions import NoReverseMatch, Resolver404
  File "/home/marlonsc/pyauto/dc-code-analyzer/.venv/lib/python3.13/site-packages/django/urls/exceptions.py", line 1, in <module>
    from django.http import Http404
  File "/home/marlonsc/pyauto/dc-code-analyzer/.venv/lib/python3.13/site-packages/django/http/__init__.py", line 9, in <module>
    from django.http.response import (
    ...<16 lines>...
    )
  File "/home/marlonsc/pyauto/dc-code-analyzer/.venv/lib/python3.13/site-packages/django/http/response.py", line 20, in <module>
    from django.core.serializers.json import DjangoJSONEncoder
  File "/home/marlonsc/pyauto/dc-code-analyzer/.venv/lib/python3.13/site-packages/django/core/serializers/__init__.py", line 23, in <module>
    from django.core.serializers.base import SerializerDoesNotExist
  File "/home/marlonsc/pyauto/dc-code-analyzer/.venv/lib/python3.13/site-packages/django/core/serializers/base.py", line 10, in <module>
    from django.db import models
  File "/home/marlonsc/pyauto/dc-code-analyzer/.venv/lib/python3.13/site-packages/django/db/models/__init__.py", line 3, in <module>
    from django.db.models.aggregates import *  # NOQA
    ^^^^^^^^^^^^^^^^^^^^^^^^^^^^^^^^^^^^^^^^^
  File "/home/marlonsc/pyauto/dc-code-analyzer/.venv/lib/python3.13/site-packages/django/db/models/aggregates.py", line 7, in <module>
    from django.db.models.functions.comparison import Coalesce
  File "/home/marlonsc/pyauto/dc-code-analyzer/.venv/lib/python3.13/site-packages/django/db/models/functions/__init__.py", line 1, in <module>
    from .comparison import Cast, Coalesce, Collate, Greatest, JSONObject, Least, NullIf
  File "/home/marlonsc/pyauto/dc-code-analyzer/.venv/lib/python3.13/site-packages/django/db/models/functions/comparison.py", line 5, in <module>
    from django.db.models.fields.json import JSONField
  File "/home/marlonsc/pyauto/dc-code-analyzer/.venv/lib/python3.13/site-packages/django/db/models/fields/json.py", line 7, in <module>
    from django.db.models import expressions, lookups
  File "/home/marlonsc/pyauto/dc-code-analyzer/.venv/lib/python3.13/site-packages/django/db/models/lookups.py", line 322, in <module>
    @Field.register_lookup
     ^^^^^^^^^^^^^^^^^^^^^
  File "/home/marlonsc/pyauto/dc-code-analyzer/.venv/lib/python3.13/site-packages/django/db/models/query_utils.py", line 208, in __get__
    return functools.partial(self.class_method, owner)
           ~~~~~~~~~~~~~~~~~^^^^^^^^^^^^^^^^^^^^^^^^^^
TypeError: the first argument must be callable
  Starting Celery worker...
‚úì Celery worker started
  Starting Django server...

üéâ Code Analyzer is ready!

üìç Access the application at: http://localhost:8000
üîß Admin interface at: http://localhost:8000/admin/
üìä API documentation at: http://localhost:8000/api/v1/

Press Ctrl+C to stop the server

Traceback (most recent call last):
  File "/home/marlonsc/pyauto/dc-code-analyzer/.venv/lib/python3.13/site-packages/django/core/management/__init__.py", line 388, in execute
    autoreload.check_errors(django.setup)()
    ~~~~~~~~~~~~~~~~~~~~~~~~~~~~~~~~~~~~~^^
  File "/home/marlonsc/pyauto/dc-code-analyzer/.venv/lib/python3.13/site-packages/django/utils/autoreload.py", line 64, in wrapper
    fn(*args, **kwargs)
    ~~^^^^^^^^^^^^^^^^^
  File "/home/marlonsc/pyauto/dc-code-analyzer/.venv/lib/python3.13/site-packages/django/__init__.py", line 16, in setup
    from django.urls import set_script_prefix
  File "/home/marlonsc/pyauto/dc-code-analyzer/.venv/lib/python3.13/site-packages/django/urls/__init__.py", line 1, in <module>
    from .base import (
    ...<11 lines>...
    )
  File "/home/marlonsc/pyauto/dc-code-analyzer/.venv/lib/python3.13/site-packages/django/urls/base.py", line 9, in <module>
    from .exceptions import NoReverseMatch, Resolver404
  File "/home/marlonsc/pyauto/dc-code-analyzer/.venv/lib/python3.13/site-packages/django/urls/exceptions.py", line 1, in <module>
    from django.http import Http404
  File "/home/marlonsc/pyauto/dc-code-analyzer/.venv/lib/python3.13/site-packages/django/http/__init__.py", line 9, in <module>
    from django.http.response import (
    ...<16 lines>...
    )
  File "/home/marlonsc/pyauto/dc-code-analyzer/.venv/lib/python3.13/site-packages/django/http/response.py", line 20, in <module>
    from django.core.serializers.json import DjangoJSONEncoder
  File "/home/marlonsc/pyauto/dc-code-analyzer/.venv/lib/python3.13/site-packages/django/core/serializers/__init__.py", line 23, in <module>
    from django.core.serializers.base import SerializerDoesNotExist
  File "/home/marlonsc/pyauto/dc-code-analyzer/.venv/lib/python3.13/site-packages/django/core/serializers/base.py", line 10, in <module>
    from django.db import models
  File "/home/marlonsc/pyauto/dc-code-analyzer/.venv/lib/python3.13/site-packages/django/db/models/__init__.py", line 3, in <module>
    from django.db.models.aggregates import *  # NOQA
    ^^^^^^^^^^^^^^^^^^^^^^^^^^^^^^^^^^^^^^^^^
  File "/home/marlonsc/pyauto/dc-code-analyzer/.venv/lib/python3.13/site-packages/django/db/models/aggregates.py", line 7, in <module>
    from django.db.models.functions.comparison import Coalesce
  File "/home/marlonsc/pyauto/dc-code-analyzer/.venv/lib/python3.13/site-packages/django/db/models/functions/__init__.py", line 1, in <module>
    from .comparison import Cast, Coalesce, Collate, Greatest, JSONObject, Least, NullIf
  File "/home/marlonsc/pyauto/dc-code-analyzer/.venv/lib/python3.13/site-packages/django/db/models/functions/comparison.py", line 5, in <module>
    from django.db.models.fields.json import JSONField
  File "/home/marlonsc/pyauto/dc-code-analyzer/.venv/lib/python3.13/site-packages/django/db/models/fields/json.py", line 7, in <module>
    from django.db.models import expressions, lookups
  File "/home/marlonsc/pyauto/dc-code-analyzer/.venv/lib/python3.13/site-packages/django/db/models/lookups.py", line 322, in <module>
    @Field.register_lookup
     ^^^^^^^^^^^^^^^^^^^^^
  File "/home/marlonsc/pyauto/dc-code-analyzer/.venv/lib/python3.13/site-packages/django/db/models/query_utils.py", line 208, in __get__
    return functools.partial(self.class_method, owner)
           ~~~~~~~~~~~~~~~~~^^^^^^^^^^^^^^^^^^^^^^^^^^
TypeError: the first argument must be callable

During handling of the above exception, another exception occurred:

Traceback (most recent call last):
  File "/home/marlonsc/pyauto/dc-code-analyzer/manage.py", line 24, in <module>
    main()
    ~~~~^^
  File "/home/marlonsc/pyauto/dc-code-analyzer/manage.py", line 20, in main
    execute_from_command_line(sys.argv)
    ~~~~~~~~~~~~~~~~~~~~~~~~~^^^^^^^^^^
  File "/home/marlonsc/pyauto/dc-code-analyzer/.venv/lib/python3.13/site-packages/django/core/management/__init__.py", line 436, in execute_from_command_line
    utility.execute()
    ~~~~~~~~~~~~~~~^^
  File "/home/marlonsc/pyauto/dc-code-analyzer/.venv/lib/python3.13/site-packages/django/core/management/__init__.py", line 401, in execute
    _parser = self.fetch_command("runserver").create_parser(
              ~~~~~~~~~~~~~~~~~~^^^^^^^^^^^^^
  File "/home/marlonsc/pyauto/dc-code-analyzer/.venv/lib/python3.13/site-packages/django/core/management/__init__.py", line 269, in fetch_command
    klass = load_command_class(app_name, subcommand)
  File "/home/marlonsc/pyauto/dc-code-analyzer/.venv/lib/python3.13/site-packages/django/core/management/__init__.py", line 48, in load_command_class
    module = import_module(f"{app_name}.management.commands.{name}")
  File "/usr/lib/python3.13/importlib/__init__.py", line 88, in import_module
    return _bootstrap._gcd_import(name[level:], package, level)
           ~~~~~~~~~~~~~~~~~~~~~~^^^^^^^^^^^^^^^^^^^^^^^^^^^^^^
  File "<frozen importlib._bootstrap>", line 1387, in _gcd_import
  File "<frozen importlib._bootstrap>", line 1360, in _find_and_load
  File "<frozen importlib._bootstrap>", line 1331, in _find_and_load_unlocked
  File "<frozen importlib._bootstrap>", line 935, in _load_unlocked
  File "<frozen importlib._bootstrap_external>", line 1026, in exec_module
  File "<frozen importlib._bootstrap>", line 488, in _call_with_frames_removed
  File "/home/marlonsc/pyauto/dc-code-analyzer/.venv/lib/python3.13/site-packages/django/core/management/commands/runserver.py", line 10, in <module>
    from django.core.servers.basehttp import WSGIServer, get_internal_wsgi_application, run
  File "/home/marlonsc/pyauto/dc-code-analyzer/.venv/lib/python3.13/site-packages/django/core/servers/basehttp.py", line 19, in <module>
    from django.core.handlers.wsgi import LimitedStream
  File "/home/marlonsc/pyauto/dc-code-analyzer/.venv/lib/python3.13/site-packages/django/core/handlers/wsgi.py", line 5, in <module>
    from django.core.handlers import base
  File "/home/marlonsc/pyauto/dc-code-analyzer/.venv/lib/python3.13/site-packages/django/core/handlers/base.py", line 11, in <module>
    from django.urls import get_resolver, set_urlconf
  File "/home/marlonsc/pyauto/dc-code-analyzer/.venv/lib/python3.13/site-packages/django/urls/__init__.py", line 1, in <module>
    from .base import (
    ...<11 lines>...
    )
  File "/home/marlonsc/pyauto/dc-code-analyzer/.venv/lib/python3.13/site-packages/django/urls/base.py", line 9, in <module>
    from .exceptions import NoReverseMatch, Resolver404
  File "/home/marlonsc/pyauto/dc-code-analyzer/.venv/lib/python3.13/site-packages/django/urls/exceptions.py", line 1, in <module>
    from django.http import Http404
  File "/home/marlonsc/pyauto/dc-code-analyzer/.venv/lib/python3.13/site-packages/django/http/__init__.py", line 9, in <module>
    from django.http.response import (
    ...<16 lines>...
    )
  File "/home/marlonsc/pyauto/dc-code-analyzer/.venv/lib/python3.13/site-packages/django/http/response.py", line 20, in <module>
    from django.core.serializers.json import DjangoJSONEncoder
  File "/home/marlonsc/pyauto/dc-code-analyzer/.venv/lib/python3.13/site-packages/django/core/serializers/__init__.py", line 23, in <module>
    from django.core.serializers.base import SerializerDoesNotExist
  File "/home/marlonsc/pyauto/dc-code-analyzer/.venv/lib/python3.13/site-packages/django/core/serializers/base.py", line 10, in <module>
    from django.db import models
  File "/home/marlonsc/pyauto/dc-code-analyzer/.venv/lib/python3.13/site-packages/django/db/models/__init__.py", line 3, in <module>
    from django.db.models.aggregates import *  # NOQA
    ^^^^^^^^^^^^^^^^^^^^^^^^^^^^^^^^^^^^^^^^^
  File "/home/marlonsc/pyauto/dc-code-analyzer/.venv/lib/python3.13/site-packages/django/db/models/aggregates.py", line 7, in <module>
    from django.db.models.functions.comparison import Coalesce
  File "/home/marlonsc/pyauto/dc-code-analyzer/.venv/lib/python3.13/site-packages/django/db/models/functions/__init__.py", line 1, in <module>
    from .comparison import Cast, Coalesce, Collate, Greatest, JSONObject, Least, NullIf
  File "/home/marlonsc/pyauto/dc-code-analyzer/.venv/lib/python3.13/site-packages/django/db/models/functions/comparison.py", line 5, in <module>
    from django.db.models.fields.json import JSONField
  File "/home/marlonsc/pyauto/dc-code-analyzer/.venv/lib/python3.13/site-packages/django/db/models/fields/json.py", line 7, in <module>
    from django.db.models import expressions, lookups
  File "/home/marlonsc/pyauto/dc-code-analyzer/.venv/lib/python3.13/site-packages/django/db/models/lookups.py", line 322, in <module>
    @Field.register_lookup
     ^^^^^^^^^^^^^^^^^^^^^
  File "/home/marlonsc/pyauto/dc-code-analyzer/.venv/lib/python3.13/site-packages/django/db/models/query_utils.py", line 208, in __get__
    return functools.partial(self.class_method, owner)
           ~~~~~~~~~~~~~~~~~^^^^^^^^^^^^^^^^^^^^^^^^^^
TypeError: the first argument must be callable
